#
# There is insufficient memory for the Java Runtime Environment to continue.
# Native memory allocation (mmap) failed to map 132120576 bytes. Error detail: G1 virtual space
# Possible reasons:
#   The system is out of physical RAM or swap space
#   This process is running with CompressedOops enabled, and the Java Heap may be blocking the growth of the native heap
# Possible solutions:
#   Reduce memory load on the system
#   Increase physical memory or swap space
#   Check if swap backing store is full
#   Decrease Java heap size (-Xmx/-Xms)
#   Decrease number of Java threads
#   Decrease Java thread stack sizes (-Xss)
#   Set larger code cache with -XX:ReservedCodeCacheSize=
#   JVM is running with Unscaled Compressed Oops mode in which the Java heap is
#     placed in the first 4GB address space. The Java Heap base address is the
#     maximum limit for the native heap growth. Please use -XX:HeapBaseMinAddress
#     to set the Java Heap base and to place the Java Heap above 4GB virtual address.
# This output file may be truncated or incomplete.
#
#  Out of Memory Error (os_windows.cpp:3613), pid=113348, tid=105872
#
# JRE version:  (17.0.12+7) (build )
# Java VM: OpenJDK 64-Bit Server VM (17.0.12+7-LTS, mixed mode, emulated-client, sharing, tiered, compressed oops, compressed class ptrs, g1 gc, windows-amd64)
# No core dump will be written. Minidumps are not enabled by default on client versions of Windows
#

---------------  S U M M A R Y ------------

Command Line: -XX:TieredStopAtLevel=1 -Dspring.output.ansi.enabled=always -Dcom.sun.management.jmxremote -Dspring.jmx.enabled=true -Dspring.liveBeansView.mbeanDomain -Dspring.application.admin.enabled=true -Dmanagement.endpoints.jmx.exposure.include=* -javaagent:C:\Program Files\JetBrains\IntelliJ IDEA 2024.1\lib\idea_rt.jar=49324:C:\Program Files\JetBrains\IntelliJ IDEA 2024.1\bin -Dfile.encoding=UTF-8 com.example.demo.DemoApplication

Host: Intel(R) Core(TM) i7-8565U CPU @ 1.80GHz, 8 cores, 7G,  Windows 10 , 64 bit Build 19041 (10.0.19041.4597)
Time: Mon Jul 29 23:06:26 2024  Windows 10 , 64 bit Build 19041 (10.0.19041.4597) elapsed time: 0.038653 seconds (0d 0h 0m 0s)

---------------  T H R E A D  ---------------

Current thread (0x0000014bde33b530):  JavaThread "Unknown thread" [_thread_in_vm, id=105872, stack(0x000000340ca00000,0x000000340cb00000)]

Stack: [0x000000340ca00000,0x000000340cb00000]
Native frames: (J=compiled Java code, j=interpreted, Vv=VM code, C=native code)
V  [jvm.dll+0x67f4f9]
V  [jvm.dll+0x836eaa]
V  [jvm.dll+0x83896e]
V  [jvm.dll+0x838fd3]
V  [jvm.dll+0x247f6f]
V  [jvm.dll+0x67c2b9]
V  [jvm.dll+0x670d7a]
V  [jvm.dll+0x307b5b]
V  [jvm.dll+0x30f046]
V  [jvm.dll+0x35f22e]
V  [jvm.dll+0x35f46f]
V  [jvm.dll+0x2deb7c]
V  [jvm.dll+0x2dfad4]
V  [jvm.dll+0x80870b]
V  [jvm.dll+0x36cfa1]
V  [jvm.dll+0x7e70f5]
V  [jvm.dll+0x3f0adf]
V  [jvm.dll+0x3f2631]
C  [jli.dll+0x528f]
C  [ucrtbase.dll+0x21bb2]
C  [KERNEL32.DLL+0x17374]
C  [ntdll.dll+0x4cc91]


---------------  P R O C E S S  ---------------

Threads class SMR info:
_java_thread_list=0x00007ffdbe8f6f18, length=0, elements={
}

Java Threads: ( => current thread )

Other Threads:
  0x0000014bde394cc0 GCTaskThread "GC Thread#0" [stack: 0x000000340cb00000,0x000000340cc00000] [id=111336]
  0x0000014bde28de40 ConcurrentGCThread "G1 Main Marker" [stack: 0x000000340cc00000,0x000000340cd00000] [id=103524]
  0x0000014bde28e860 ConcurrentGCThread "G1 Conc#0" [stack: 0x000000340cd00000,0x000000340ce00000] [id=106500]

[error occurred during error reporting (printing all threads), id 0xc0000005, EXCEPTION_ACCESS_VIOLATION (0xc0000005) at pc=0x00007ffdbe0af277]

VM state: not at safepoint (not fully initialized)

VM Mutex/Monitor currently owned by a thread:  ([mutex/lock_event])
[0x0000014bde337690] Heap_lock - owner thread: 0x0000014bde33b530

Heap address: 0x0000000083000000, size: 2000 MB, Compressed Oops mode: 32-bit

CDS archive(s) mapped at: [0x0000000000000000-0x0000000000000000-0x0000000000000000), size 0, SharedBaseAddress: 0x0000000800000000, ArchiveRelocationMode: 1.
Narrow klass base: 0x0000000000000000, Narrow klass shift: 0, Narrow klass range: 0x0

GC Precious Log:
<Empty>

Heap:
 garbage-first heap   total 0K, used 0K [0x0000000083000000, 0x0000000100000000)
  region size 1024K, 0 young (0K), 0 survivors (0K)

[error occurred during error reporting (printing heap information), id 0xc0000005, EXCEPTION_ACCESS_VIOLATION (0xc0000005) at pc=0x00007ffdbe498829]

GC Heap History (0 events):
No events

Dll operation events (1 events):
Event: 0.026 Loaded shared library C:\Users\jackb\.jdks\corretto-17.0.12\bin\java.dll

Deoptimization events (0 events):
No events

Classes loaded (0 events):
No events

Classes unloaded (0 events):
No events

Classes redefined (0 events):
No events

Internal exceptions (0 events):
No events

VM Operations (0 events):
No events

Events (0 events):
No events


Dynamic libraries:
0x00007ff6b8020000 - 0x00007ff6b802e000 	C:\Users\jackb\.jdks\corretto-17.0.12\bin\java.exe
0x00007ffe5b170000 - 0x00007ffe5b368000 	C:\WINDOWS\SYSTEM32\ntdll.dll
0x00007ffe592b0000 - 0x00007ffe59371000 	C:\WINDOWS\System32\KERNEL32.DLL
0x00007ffe58ea0000 - 0x00007ffe59196000 	C:\WINDOWS\System32\KERNELBASE.dll
0x00007ffe58af0000 - 0x00007ffe58bf0000 	C:\WINDOWS\System32\ucrtbase.dll
0x00007ffe363e0000 - 0x00007ffe363fb000 	C:\Users\jackb\.jdks\corretto-17.0.12\bin\VCRUNTIME140.dll
0x00007ffe368f0000 - 0x00007ffe36907000 	C:\Users\jackb\.jdks\corretto-17.0.12\bin\jli.dll
0x00007ffe5a320000 - 0x00007ffe5a4bf000 	C:\WINDOWS\System32\USER32.dll
0x00007ffe39aa0000 - 0x00007ffe39d3a000 	C:\WINDOWS\WinSxS\amd64_microsoft.windows.common-controls_6595b64144ccf1df_6.0.19041.4355_none_60b8b9eb71f62e16\COMCTL32.dll
0x00007ffe58df0000 - 0x00007ffe58e12000 	C:\WINDOWS\System32\win32u.dll
0x00007ffe5a670000 - 0x00007ffe5a70e000 	C:\WINDOWS\System32\msvcrt.dll
0x00007ffe5ac90000 - 0x00007ffe5acbb000 	C:\WINDOWS\System32\GDI32.dll
0x00007ffe58820000 - 0x00007ffe58937000 	C:\WINDOWS\System32\gdi32full.dll
0x00007ffe58bf0000 - 0x00007ffe58c8d000 	C:\WINDOWS\System32\msvcp_win.dll
0x00007ffe59d30000 - 0x00007ffe59d5f000 	C:\WINDOWS\System32\IMM32.DLL
0x00007ffe47ac0000 - 0x00007ffe47acc000 	C:\Users\jackb\.jdks\corretto-17.0.12\bin\vcruntime140_1.dll
0x00007ffe06430000 - 0x00007ffe064bd000 	C:\Users\jackb\.jdks\corretto-17.0.12\bin\msvcp140.dll
0x00007ffdbddc0000 - 0x00007ffdbea2a000 	C:\Users\jackb\.jdks\corretto-17.0.12\bin\server\jvm.dll
0x00007ffe59460000 - 0x00007ffe59510000 	C:\WINDOWS\System32\ADVAPI32.dll
0x00007ffe5a5d0000 - 0x00007ffe5a670000 	C:\WINDOWS\System32\sechost.dll
0x00007ffe5a0b0000 - 0x00007ffe5a1d3000 	C:\WINDOWS\System32\RPCRT4.dll
0x00007ffe58e70000 - 0x00007ffe58e97000 	C:\WINDOWS\System32\bcrypt.dll
0x00007ffe5a2b0000 - 0x00007ffe5a31b000 	C:\WINDOWS\System32\WS2_32.dll
0x00007ffe57d90000 - 0x00007ffe57ddb000 	C:\WINDOWS\SYSTEM32\POWRPROF.dll
0x00007ffe47c20000 - 0x00007ffe47c47000 	C:\WINDOWS\SYSTEM32\WINMM.dll
0x00007ffe4fa10000 - 0x00007ffe4fa1a000 	C:\WINDOWS\SYSTEM32\VERSION.dll
0x00007ffe57c10000 - 0x00007ffe57c22000 	C:\WINDOWS\SYSTEM32\UMPDC.dll
0x00007ffe56680000 - 0x00007ffe56692000 	C:\WINDOWS\SYSTEM32\kernel.appcore.dll
0x00007ffe43fa0000 - 0x00007ffe43faa000 	C:\Users\jackb\.jdks\corretto-17.0.12\bin\jimage.dll
0x00007ffe52b70000 - 0x00007ffe52d54000 	C:\WINDOWS\SYSTEM32\DBGHELP.DLL
0x00007ffe4c420000 - 0x00007ffe4c454000 	C:\WINDOWS\SYSTEM32\dbgcore.DLL
0x00007ffe589b0000 - 0x00007ffe58a32000 	C:\WINDOWS\System32\bcryptPrimitives.dll
0x00007ffe368d0000 - 0x00007ffe368de000 	C:\Users\jackb\.jdks\corretto-17.0.12\bin\instrument.dll
0x00007ffe340f0000 - 0x00007ffe34115000 	C:\Users\jackb\.jdks\corretto-17.0.12\bin\java.dll

dbghelp: loaded successfully - version: 4.0.5 - missing functions: none
symbol engine: initialized successfully - sym options: 0x614 - pdb path: .;C:\Users\jackb\.jdks\corretto-17.0.12\bin;C:\WINDOWS\SYSTEM32;C:\WINDOWS\WinSxS\amd64_microsoft.windows.common-controls_6595b64144ccf1df_6.0.19041.4355_none_60b8b9eb71f62e16;C:\Users\jackb\.jdks\corretto-17.0.12\bin\server

VM Arguments:
jvm_args: -XX:TieredStopAtLevel=1 -Dspring.output.ansi.enabled=always -Dcom.sun.management.jmxremote -Dspring.jmx.enabled=true -Dspring.liveBeansView.mbeanDomain -Dspring.application.admin.enabled=true -Dmanagement.endpoints.jmx.exposure.include=* -javaagent:C:\Program Files\JetBrains\IntelliJ IDEA 2024.1\lib\idea_rt.jar=49324:C:\Program Files\JetBrains\IntelliJ IDEA 2024.1\bin -Dfile.encoding=UTF-8 
java_command: com.example.demo.DemoApplication
java_class_path (initial): C:\Users\jackb\OneDrive\πŸ≈¡ »≠∏È\demo0728\demo\build\classes\java\main;C:\Users\jackb\OneDrive\πŸ≈¡ »≠∏È\demo0728\demo\build\resources\main;C:\Users\jackb\OneDrive\πŸ≈¡ »≠∏È\untitled1\caches\modules-2\files-2.1\org.springframework.boot\spring-boot-starter-oauth2-client\3.3.2\7d11c36d5c85f02597cff89c7a045ebfe213b8f1\spring-boot-starter-oauth2-client-3.3.2.jar;C:\Users\jackb\OneDrive\πŸ≈¡ »≠∏È\untitled1\caches\modules-2\files-2.1\org.springframework.boot\spring-boot-starter-web\3.3.2\720418538668a8742d0ae24097811d5250cf5c32\spring-boot-starter-web-3.3.2.jar;C:\Users\jackb\OneDrive\πŸ≈¡ »≠∏È\untitled1\caches\modules-2\files-2.1\org.springframework.boot\spring-boot-starter-data-jpa\3.3.2\2731d74dfc18fb905c29930cf55493980c2cee5a\spring-boot-starter-data-jpa-3.3.2.jar;C:\Users\jackb\OneDrive\πŸ≈¡ »≠∏È\untitled1\caches\modules-2\files-2.1\io.jsonwebtoken\jjwt-api\0.11.2\57c34dce3e88f2972c5c5465b6291acfb5628084\jjwt-api-0.11.2.jar;C:\Users\jackb\OneDrive\πŸ≈¡ »≠∏È\untitled1\caches\modules-2\files-2.1\org.springframework.boot\spring-boot-starter-security\3.3.2\13a1d62a33323306fcd4c4cbb6a98322ce633ac0\spring-boot-starter-security-3.3.2.jar;C:\Users\jackb\OneDrive\πŸ≈¡ »≠∏È\untitled1\caches\modules-2\files-2.1\org.springframework.boot\spring-boot-starter-thymeleaf\3.3.2\cdcc62e2bb84c080a474281cf09c28cdfd423955\spring-boot-starter-thymeleaf-3.3.2.jar;C:\Users\jackb\OneDrive\πŸ≈¡ »≠∏È\untitled1\caches\modules-2\files-2.1\org.springframework.boot\spring-boot-starter\3.3.2\f9377a223dab5c4afe7aead05bf6ac567cf565ab\spring-boot-starter-3.3.2.jar;C:\Users\jackb\OneDrive\πŸ≈¡ »≠∏È\untitled1\caches\modules-2\files-2.1\org.springframework.security\spring-security-config\6.3.1\e4f6c1cf4f8969c9e5ed26121f0fbd7ee35a7ca4\spring-security-config-6.3.1.jar;C:\Users\jackb\OneDrive\πŸ≈¡ »≠∏È\untitled1\caches\modules-2\files-2.1\org.springframework.security\spring-security-oauth2-client\6.3.1\395023fa3fd09e51d39f36bcb60050f22ae4757d\spring-security-oauth2-client-6.3.1.
Launcher Type: SUN_STANDARD

[Global flags]
     intx CICompilerCount                          = 4                                         {product} {ergonomic}
     uint ConcGCThreads                            = 2                                         {product} {ergonomic}
     uint G1ConcRefinementThreads                  = 8                                         {product} {ergonomic}
   size_t G1HeapRegionSize                         = 1048576                                   {product} {ergonomic}
    uintx GCDrainStackTargetSize                   = 64                                        {product} {ergonomic}
   size_t InitialHeapSize                          = 132120576                                 {product} {ergonomic}
     bool ManagementServer                         = true                                      {product} {command line}
   size_t MarkStackSize                            = 4194304                                   {product} {ergonomic}
   size_t MaxHeapSize                              = 2097152000                                {product} {ergonomic}
   size_t MinHeapDeltaBytes                        = 1048576                                   {product} {ergonomic}
   size_t MinHeapSize                              = 8388608                                   {product} {ergonomic}
    uintx NonProfiledCodeHeapSize                  = 0                                      {pd product} {ergonomic}
     bool ProfileInterpreter                       = false                                  {pd product} {command line}
    uintx ProfiledCodeHeapSize                     = 0                                      {pd product} {ergonomic}
   size_t SoftMaxHeapSize                          = 2097152000                             {manageable} {ergonomic}
     intx TieredStopAtLevel                        = 1                                         {product} {command line}
     bool UseCompressedClassPointers               = true                           {product lp64_product} {ergonomic}
     bool UseCompressedOops                        = true                           {product lp64_product} {ergonomic}
     bool UseG1GC                                  = true                                      {product} {ergonomic}
     bool UseLargePagesIndividualAllocation        = false                                  {pd product} {ergonomic}

Logging:
Log output configuration:
 #0: stdout all=warning uptime,level,tags
 #1: stderr all=off uptime,level,tags

Environment Variables:
PATH=C:\Program Files (x86)\Common Files\Oracle\Java\java8path;C:\Program Files (x86)\Common Files\Oracle\Java\javapath;C:\Program Files (x86)\Intel\Intel(R) Management Engine Components\iCLS\;C:\Program Files\Intel\Intel(R) Management Engine Components\iCLS\;C:\Windows\system32;C:\Windows;C:\Windows\System32\Wbem;C:\Windows\System32\WindowsPowerShell\v1.0\;C:\Windows\System32\OpenSSH\;C:\Program Files (x86)\Intel\Intel(R) Management Engine Components\DAL;C:\Program Files\Intel\Intel(R) Management Engine Components\DAL;C:\Program Files\Intel\WiFi\bin\;C:\Program Files\Common Files\Intel\WirelessCommon\;C:\Program Files (x86)\NVIDIA Corporation\PhysX\Common;C:\WINDOWS\system32;C:\WINDOWS;C:\WINDOWS\System32\Wbem;C:\WINDOWS\System32\WindowsPowerShell\v1.0\;C:\WINDOWS\System32\OpenSSH\;C:\Program Files\MATLAB\R2023a\bin;C:\Program Files\PuTTY\;C:\Program Files\nodejs\;C:\Program Files\Git\cmd;C:\Program Files\MySQL\MySQL Shell 8.0\bin\;C:\Users\jackb\AppData\Local\Microsoft\WindowsApps;;C:\Users\jackb\AppData\Local\Programs\Microsoft VS Code\bin;C:\Program Files\JetBrains\PyCharm 2022.3.3\bin;;C:\Program Files\JetBrains\PyCharm Community Edition 2022.3.3\bin;;C:\Users\jackb\AppData\Roaming\npm
USERNAME=jackb
OS=Windows_NT
PROCESSOR_IDENTIFIER=Intel64 Family 6 Model 142 Stepping 11, GenuineIntel
TMP=C:\Users\jackb\AppData\Local\Temp
TEMP=C:\Users\jackb\AppData\Local\Temp



Periodic native trim disabled


---------------  S Y S T E M  ---------------

OS:
 Windows 10 , 64 bit Build 19041 (10.0.19041.4597)
OS uptime: 19 days 4:59 hours

CPU: total 8 (initial active 8) (4 cores per cpu, 2 threads per core) family 6 model 142 stepping 11 microcode 0xae, cx8, cmov, fxsr, ht, mmx, 3dnowpref, sse, sse2, sse3, ssse3, sse4.1, sse4.2, popcnt, lzcnt, tsc, tscinvbit, avx, avx2, aes, erms, clmul, bmi1, bmi2, adx, fma, vzeroupper, clflush, clflushopt
Processor Information for all 8 processors :
  Max Mhz: 1992, Current Mhz: 1792, Mhz Limit: 1792

Memory: 4k page, system-wide physical 7999M (322M free)
TotalPageFile size 32575M (AvailPageFile size 65M)
current process WorkingSet (physical memory assigned to process): 10M, peak: 10M
current process commit charge ("private bytes"): 55M, peak: 181M

vm_info: OpenJDK 64-Bit Server VM (17.0.12+7-LTS) for windows-amd64 JRE (17.0.12+7-LTS), built on Jul 10 2024 20:46:33 by "Administrator" with MS VC++ 16.10 / 16.11 (VS2019)

END.
